<?xml version="1.0" encoding="UTF-8"?>
<!-- Generated by org.testng.reporters.JUnitReportReporter -->
<testsuite hostname="inbl01lap7116" failures="0" tests="1" name="com.corp.qa.testcases.LoginPageTest1" time="16.312" errors="0" timestamp="13 Feb 2022 08:53:26 GMT" skipped="0">
  <testcase classname="com.corp.qa.testcases.LoginPageTest1" name="validateLoginnnn" time="16.312"/>
</testsuite> <!-- com.corp.qa.testcases.LoginPageTest1 -->
